<?xml version="1.0" encoding="UTF-8"?>
<!-- Generated by org.testng.reporters.JUnitXMLReporter -->
<testsuite hostname="Mds-MacBook-Pro.home" ignored="4" name="Command line test" tests="0" failures="0" timestamp="01 May 2020 02:19:22 GMT" time="0.812" errors="0">
  <testcase name="funWithArrayLists" time="0.0" classname="apiRestAssurted.SobujVaiTest">
    <ignored/>
  </testcase> <!-- funWithArrayLists -->
  <testcase name="funWithHashSets" time="0.0" classname="apiRestAssurted.SobujVaiTest">
    <ignored/>
  </testcase> <!-- funWithHashSets -->
  <testcase name="funWithHashMaps" time="0.0" classname="apiRestAssurted.SobujVaiTest">
    <ignored/>
  </testcase> <!-- funWithHashMaps -->
  <testcase name="funWithWebServices" time="0.0" classname="apiRestAssurted.SobujVaiTest">
    <ignored/>
  </testcase> <!-- funWithWebServices -->
</testsuite> <!-- Command line test -->
