<?xml version="1.0" encoding="UTF-8"?>
<testng-results skipped="0" failed="0" ignored="0" total="1" passed="1">
  <reporter-output>
  </reporter-output>
  <suite name="Default suite" duration-ms="10021" started-at="2020-05-01T03:16:01Z" finished-at="2020-05-01T03:16:11Z">
    <groups>
    </groups>
    <test name="Default test" duration-ms="10021" started-at="2020-05-01T03:16:01Z" finished-at="2020-05-01T03:16:11Z">
      <class name="com.kohls.test.SmokeTest">
        <test-method status="PASS" signature="open1()[pri:0, instance:com.kohls.test.SmokeTest@6a1aab78]" name="open1" is-config="true" duration-ms="4605" started-at="2020-05-01T03:16:01Z" finished-at="2020-05-01T03:16:05Z">
          <reporter-output>
          </reporter-output>
        </test-method> <!-- open1 -->
        <test-method status="PASS" signature="homePageloader()[pri:0, instance:com.kohls.test.SmokeTest@6a1aab78]" name="homePageloader" duration-ms="201" started-at="2020-05-01T03:16:05Z" finished-at="2020-05-01T03:16:05Z">
          <reporter-output>
          </reporter-output>
        </test-method> <!-- homePageloader -->
        <test-method status="PASS" signature="closeBrowser(org.testng.ITestResult)[pri:0, instance:com.kohls.test.SmokeTest@6a1aab78]" name="closeBrowser" is-config="true" duration-ms="5191" started-at="2020-05-01T03:16:05Z" finished-at="2020-05-01T03:16:11Z">
          <params>
            <param index="0">
              <value>
                <![CDATA[[TestResult name=homePageloader status=SUCCESS method=SmokeTest.homePageloader()[pri:0, instance:com.kohls.test.SmokeTest@6a1aab78] output={null}]]]>
              </value>
            </param>
          </params>
          <reporter-output>
          </reporter-output>
        </test-method> <!-- closeBrowser -->
      </class> <!-- com.kohls.test.SmokeTest -->
    </test> <!-- Default test -->
  </suite> <!-- Default suite -->
</testng-results>
